211027_STT_ Bohen_STT Advisory_ProjectX VersionEJAPP_BB Charts_CLEAN.docx
Mr 10X (Paradigm).docx
PMK Flip VSL Legal_CSLegal4FINAL.docx
Tom Gentile Quantum Scripts.docx
Trump Coin Promo Readable.pdf
Vladimir Putin Made ME Rich 2.asd JDv2-LegalFinalEdits-CPFINALpendingsignoff.docx
screencapture-pro-banyanhill-p-WMC-CMZBATTERY-001-PCMZY121-full-2023-01-18-19_23_19.pdf
screencapture-secure-rogueeconomics-2022-10-04-09_32_13.pdf
screencapture-secure-widemoatresearch-2023-06-05-14_33_26.pdf
ALN Super IPO Promo.pdf
Altucher Deep Blue 2.0.docx
FTT_DRONE_Legal_legaledits_ek1_ECB_ek2_ecb3_final3_HOST - Copy.docx
IKA Starlink_for legal SC4 MM4 Final_clean2.docx
Jeff Clark On The Streets.docx
NAJ Monster AI_for legal_LK.CS.PC Combined Version_CSLegal FINAL_for production.docx
promo.pdf
Night Trader.docx
OMT Apple for Legal_LEGAL_REVIEW_SP2_CB3_mk5_FINAL.docx
OWB Launch Micro Mag 7 Summit 2_CSLegalFINAL.docx
OXC Card 2026_CSLegal4FINAL.docx
BRK Nuke_SP.LK1_LEGALfinal_RB.LK2.docx
Paradigm All-IN Summit.docx
Promo (PDF).pdf
Promo.pdf
Rickards Birthright Phase 2  (1).docx
WMC Infinite.docx
screencapture-orders-stansberryresearch-2022-07-25-13_35_39.pdf
screencapture-orders-stansberryresearch-2022-08-03-15_04_11.pdf
screencapture-pro-manwardpress-p-GFBPARTNERTO99MWLLT2YRDSCBP-PMWL4506-2024-08-06-14_00_16.pdf
screencapture-secure-rogueeconomics-2022-09-22-20_39_33.pdf
BRK Housing Promo Final Legal and CE - Clean_LEGALfinal_RB_AS.docx
BRK Light Script to Video - Final.docx
OXF Leap Script for Video.docx
OXF Maps for legal_LegalEditsFINAL MC (1).docx
OXF Next Final to Design - Clean.docx
OXF Ren_CSLegalEdits4Updated_CSFINAL.docx
OXF Woke_LEGAL_KA FINAL_AMM2.docx
Ray Blanco Catalyst Trade.docx
Sales page.pdf
TOT Event for Legal_LEGAL3_AP_LegalEditsFINAL MC.docx
TPU China Script for Video_Readthrough Edits.docx
TPU Tweet Post-Legal.docx
The Next Big Short.pdf
WAR Dot FINAL to Design_BT_JF_QA_JO THE FINAL.docx
War Magic Promo Cub Legal Review_LEGALfinal_RB.docx
screencapture-secured-banyanhill-journey-WMC-IKAMANHAT24-001-1-2024-12-18-09_49_30.pdf
